<?xml version="1.0" encoding="UTF-8"?>
<testng-results ignored="0" total="1" passed="1" failed="0" skipped="0">
  <reporter-output>
  </reporter-output>
  <suite started-at="2023-02-16T04:02:24Z" name="Default suite" finished-at="2023-02-16T04:03:03Z" duration-ms="39185">
    <groups>
      <group name="cucumber">
        <method signature="AbstractTestNGCucumberTests.runScenario(io.cucumber.testng.PickleWrapper, io.cucumber.testng.FeatureWrapper)[pri:0, instance:Runner.TestRunner@7a55af6b]" name="runScenario" class="io.cucumber.testng.AbstractTestNGCucumberTests"/>
      </group> <!-- cucumber -->
    </groups>
    <test started-at="2023-02-16T04:02:24Z" name="Default test" finished-at="2023-02-16T04:03:03Z" duration-ms="39185">
      <class name="Runner.TestRunner">
        <test-method is-config="true" signature="setUpClass()[pri:0, instance:Runner.TestRunner@7a55af6b]" started-at="2023-02-16T04:02:24Z" name="setUpClass" finished-at="2023-02-16T04:02:24Z" duration-ms="477" status="PASS">
          <reporter-output>
          </reporter-output>
        </test-method> <!-- setUpClass -->
        <test-method signature="runScenario(io.cucumber.testng.PickleWrapper, io.cucumber.testng.FeatureWrapper)[pri:0, instance:Runner.TestRunner@7a55af6b]" started-at="2023-02-16T04:02:24Z" name="runScenario" description="Runs Cucumber Scenarios" data-provider="scenarios" finished-at="2023-02-16T04:02:51Z" duration-ms="27048" status="PASS">
          <params>
            <param index="0">
              <value>
                <![CDATA["HomePage"]]>
              </value>
            </param>
            <param index="1">
              <value>
                <![CDATA["Optional[Accessibility]"]]>
              </value>
            </param>
          </params>
          <reporter-output>
          </reporter-output>
        </test-method> <!-- runScenario -->
        <test-method is-config="true" signature="tearDownClass()[pri:0, instance:Runner.TestRunner@7a55af6b]" started-at="2023-02-16T04:02:51Z" name="tearDownClass" finished-at="2023-02-16T04:03:03Z" duration-ms="11645" status="PASS">
          <reporter-output>
          </reporter-output>
        </test-method> <!-- tearDownClass -->
      </class> <!-- Runner.TestRunner -->
    </test> <!-- Default test -->
  </suite> <!-- Default suite -->
</testng-results>
